生成启动时间为 2017/7/9 13:26:19。
     1>项目“D:\MyProjects\win_project\StockData\StockData\StockData.vcxproj”在节点 2 上(Build 个目标)。
     1>ClCompile:
         D:\Program Files\VC\bin\x86_amd64\CL.exe /c /Zi /nologo /W3 /WX- /sdl /O2 /Oi /GL /D WIN32 /D NDEBUG /D _CONSOLE /D _LIB /D _MBCS /Gm- /EHsc /MD /GS /Gy /fp:precise /Zc:wchar_t /Zc:forScope /Fo"x64\Release\\" /Fd"x64\Release\vc120.pdb" /Gd /TP /errorReport:prompt CcomputValueByMACD.cpp StockAccountNum.cpp
         CcomputValueByMACD.cpp
     1>CcomputValueByMACD.cpp(121): warning C4244: “=”: 从“__int64”转换到“int”，可能丢失数据
     1>CcomputValueByMACD.cpp(205): warning C4244: “=”: 从“double”转换到“float”，可能丢失数据
     1>CcomputValueByMACD.cpp(206): warning C4244: “=”: 从“double”转换到“float”，可能丢失数据
     1>CcomputValueByMACD.cpp(207): warning C4244: “=”: 从“double”转换到“float”，可能丢失数据
     1>CcomputValueByMACD.cpp(208): warning C4244: “=”: 从“double”转换到“float”，可能丢失数据
     1>CcomputValueByMACD.cpp(209): warning C4244: “=”: 从“double”转换到“float”，可能丢失数据
     1>CcomputValueByMACD.cpp(511): warning C4244: “=”: 从“double”转换到“float”，可能丢失数据
     1>CcomputValueByMACD.cpp(512): warning C4244: “=”: 从“double”转换到“float”，可能丢失数据
     1>CcomputValueByMACD.cpp(513): warning C4244: “=”: 从“double”转换到“float”，可能丢失数据
     1>CcomputValueByMACD.cpp(514): warning C4244: “=”: 从“double”转换到“float”，可能丢失数据
     1>CcomputValueByMACD.cpp(515): warning C4244: “=”: 从“double”转换到“float”，可能丢失数据
     1>CcomputValueByMACD.cpp(873): warning C4244: “=”: 从“double”转换到“float”，可能丢失数据
     1>CcomputValueByMACD.cpp(874): warning C4244: “=”: 从“double”转换到“float”，可能丢失数据
     1>CcomputValueByMACD.cpp(875): warning C4244: “=”: 从“double”转换到“float”，可能丢失数据
     1>CcomputValueByMACD.cpp(876): warning C4244: “=”: 从“double”转换到“float”，可能丢失数据
     1>CcomputValueByMACD.cpp(877): warning C4244: “=”: 从“double”转换到“float”，可能丢失数据
         StockAccountNum.cpp
       Link:
         D:\Program Files\VC\bin\x86_amd64\link.exe /ERRORREPORT:PROMPT /OUT:"D:\MyProjects\win_project\StockData\x64\Release\StockData.exe" /INCREMENTAL:NO /NOLOGO kernel32.lib user32.lib gdi32.lib winspool.lib comdlg32.lib advapi32.lib shell32.lib ole32.lib oleaut32.lib uuid.lib odbc32.lib odbccp32.lib /MANIFEST /MANIFESTUAC:"level='asInvoker' uiAccess='false'" /manifest:embed /DEBUG /PDB:"D:\MyProjects\win_project\StockData\x64\Release\StockData.pdb" /SUBSYSTEM:CONSOLE /OPT:REF /OPT:ICF /LTCG /TLBID:1 /DYNAMICBASE /NXCOMPAT /IMPLIB:"D:\MyProjects\win_project\StockData\x64\Release\StockData.lib" /MACHINE:X64 x64\Release\CcomputValueByMACD.obj
         x64\Release\CommonFunction.obj
         x64\Release\New_MACD.obj
         x64\Release\IndexNumber.obj
         x64\Release\stdafx.obj
         x64\Release\StockAccountNum.obj
         正在生成代码
         已完成代码的生成
         StockData.vcxproj -> D:\MyProjects\win_project\StockData\x64\Release\StockData.exe
     1>已完成生成项目“D:\MyProjects\win_project\StockData\StockData\StockData.vcxproj”(Build 个目标)的操作。

生成成功。

已用时间 00:00:02.21
