生成启动时间为 2017/7/30 12:18:53。
     1>项目“D:\MyProjects\win_project\StockData\StockData\StockData.vcxproj”在节点 2 上(Build 个目标)。
     1>ClCompile:
         D:\Program Files\VC\bin\CL.exe /c /Zi /nologo /W3 /WX- /sdl /O2 /Oi /Oy- /GL /D WIN32 /D NDEBUG /D _CONSOLE /D _LIB /D _MBCS /Gm- /EHsc /MD /GS /Gy /fp:precise /Zc:wchar_t /Zc:forScope /Fo"Release\\" /Fd"Release\vc120.pdb" /Gd /TP /analyze- /errorReport:prompt CMACDProg1.cpp CMACDProg2.cpp CommonFunction.cpp New_MACD.cpp Number\IndexNumber.cpp PosiCal.cpp StockAccountNum.cpp
         CMACDProg1.cpp
     1>CMACDProg1.cpp(41): warning C4018: “>”: 有符号/无符号不匹配
     1>CMACDProg1.cpp(195): warning C4244: “=”: 从“double”转换到“float”，可能丢失数据
     1>CMACDProg1.cpp(196): warning C4244: “=”: 从“double”转换到“float”，可能丢失数据
     1>CMACDProg1.cpp(197): warning C4244: “=”: 从“double”转换到“float”，可能丢失数据
     1>CMACDProg1.cpp(198): warning C4244: “=”: 从“double”转换到“float”，可能丢失数据
     1>CMACDProg1.cpp(199): warning C4244: “=”: 从“double”转换到“float”，可能丢失数据
     1>CMACDProg1.cpp(501): warning C4244: “=”: 从“double”转换到“float”，可能丢失数据
     1>CMACDProg1.cpp(502): warning C4244: “=”: 从“double”转换到“float”，可能丢失数据
     1>CMACDProg1.cpp(503): warning C4244: “=”: 从“double”转换到“float”，可能丢失数据
     1>CMACDProg1.cpp(504): warning C4244: “=”: 从“double”转换到“float”，可能丢失数据
     1>CMACDProg1.cpp(505): warning C4244: “=”: 从“double”转换到“float”，可能丢失数据
     1>CMACDProg1.cpp(557): warning C4244: “=”: 从“double”转换到“float”，可能丢失数据
     1>CMACDProg1.cpp(558): warning C4244: “=”: 从“double”转换到“float”，可能丢失数据
     1>CMACDProg1.cpp(559): warning C4244: “=”: 从“double”转换到“float”，可能丢失数据
     1>CMACDProg1.cpp(560): warning C4244: “=”: 从“double”转换到“float”，可能丢失数据
     1>CMACDProg1.cpp(561): warning C4244: “=”: 从“double”转换到“float”，可能丢失数据
     1>CMACDProg1.cpp(583): warning C4018: “>”: 有符号/无符号不匹配
         CMACDProg2.cpp
     1>CMACDProg2.cpp(158): warning C4018: “<”: 有符号/无符号不匹配
     1>CMACDProg2.cpp(215): warning C4244: “=”: 从“double”转换到“float”，可能丢失数据
     1>CMACDProg2.cpp(216): warning C4244: “=”: 从“double”转换到“float”，可能丢失数据
     1>CMACDProg2.cpp(217): warning C4244: “=”: 从“double”转换到“float”，可能丢失数据
     1>CMACDProg2.cpp(218): warning C4244: “=”: 从“double”转换到“float”，可能丢失数据
     1>CMACDProg2.cpp(219): warning C4244: “=”: 从“double”转换到“float”，可能丢失数据
     1>CMACDProg2.cpp(283): warning C4244: “=”: 从“double”转换到“float”，可能丢失数据
     1>CMACDProg2.cpp(284): warning C4244: “=”: 从“double”转换到“float”，可能丢失数据
     1>CMACDProg2.cpp(285): warning C4244: “=”: 从“double”转换到“float”，可能丢失数据
     1>CMACDProg2.cpp(286): warning C4244: “=”: 从“double”转换到“float”，可能丢失数据
     1>CMACDProg2.cpp(287): warning C4244: “=”: 从“double”转换到“float”，可能丢失数据
     1>CMACDProg2.cpp(312): warning C4018: “>”: 有符号/无符号不匹配
     1>CMACDProg2.cpp(367): warning C4244: “参数”: 从“double”转换到“float”，可能丢失数据
     1>CMACDProg2.cpp(387): warning C4018: “<”: 有符号/无符号不匹配
     1>CMACDProg2.cpp(390): warning C4244: “初始化”: 从“double”转换到“float”，可能丢失数据
     1>CMACDProg2.cpp(457): warning C4244: “=”: 从“double”转换到“float”，可能丢失数据
     1>CMACDProg2.cpp(464): warning C4018: “<”: 有符号/无符号不匹配
         CommonFunction.cpp
         New_MACD.cpp
         IndexNumber.cpp
     1>Number\IndexNumber.cpp(130): warning C4244: “参数”: 从“float”转换到“char”，可能丢失数据
         PosiCal.cpp
         StockAccountNum.cpp
       Link:
         D:\Program Files\VC\bin\link.exe /ERRORREPORT:PROMPT /OUT:"D:\MyProjects\win_project\StockData\Release\StockData.exe" /INCREMENTAL:NO /NOLOGO kernel32.lib user32.lib gdi32.lib winspool.lib comdlg32.lib advapi32.lib shell32.lib ole32.lib oleaut32.lib uuid.lib odbc32.lib odbccp32.lib /MANIFEST /MANIFESTUAC:"level='asInvoker' uiAccess='false'" /manifest:embed /DEBUG /PDB:"D:\MyProjects\win_project\StockData\Release\StockData.pdb" /SUBSYSTEM:CONSOLE /OPT:REF /OPT:ICF /LTCG /TLBID:1 /DYNAMICBASE /NXCOMPAT /IMPLIB:"D:\MyProjects\win_project\StockData\Release\StockData.lib" /MACHINE:X86 /SAFESEH Release\CMACDProg1.obj
         Release\CMACDProg2.obj
         Release\CommonFunction.obj
         Release\New_MACD.obj
         Release\IndexNumber.obj
         Release\PosiCal.obj
         Release\stdafx.obj
         Release\StockAccountNum.obj
         正在生成代码
         已完成代码的生成
         StockData.vcxproj -> D:\MyProjects\win_project\StockData\Release\StockData.exe
     1>已完成生成项目“D:\MyProjects\win_project\StockData\StockData\StockData.vcxproj”(Build 个目标)的操作。

生成成功。

已用时间 00:00:04.84
