d:\myprojects\win_project\windows_projects\creatallparameter\creatallparameter\x64\debugwithmysql\creatallparameter.pch
d:\myprojects\win_project\windows_projects\creatallparameter\creatallparameter\x64\debugwithmysql\vc120.pdb
d:\myprojects\win_project\windows_projects\creatallparameter\creatallparameter\x64\debugwithmysql\vc120.idb
d:\myprojects\win_project\windows_projects\creatallparameter\creatallparameter\x64\debugwithmysql\stdafx.obj
d:\myprojects\win_project\windows_projects\creatallparameter\creatallparameter\x64\debugwithmysql\trix.obj
d:\myprojects\win_project\windows_projects\creatallparameter\creatallparameter\x64\debugwithmysql\_dma.obj
d:\myprojects\win_project\windows_projects\creatallparameter\creatallparameter\x64\debugwithmysql\numberbase.obj
d:\myprojects\win_project\windows_projects\creatallparameter\creatallparameter\x64\debugwithmysql\kdj.obj
d:\myprojects\win_project\windows_projects\creatallparameter\creatallparameter\x64\debugwithmysql\macd.obj
d:\myprojects\win_project\windows_projects\creatallparameter\creatallparameter\x64\debugwithmysql\prichag.obj
d:\myprojects\win_project\windows_projects\creatallparameter\creatallparameter\x64\debugwithmysql\pythoninterface.obj
d:\myprojects\win_project\windows_projects\creatallparameter\creatallparameter\x64\debugwithmysql\staticintegral.obj
d:\myprojects\win_project\windows_projects\creatallparameter\creatallparameter\x64\debugwithmysql\staticrecord.obj
d:\myprojects\win_project\windows_projects\creatallparameter\creatallparameter\x64\debugwithmysql\statisticetool.obj
d:\myprojects\win_project\windows_projects\creatallparameter\creatallparameter\x64\debugwithmysql\statisticeinter.obj
d:\myprojects\win_project\windows_projects\creatallparameter\creatallparameter\x64\debugwithmysql\stateb.obj
d:\myprojects\win_project\windows_projects\creatallparameter\creatallparameter\x64\debugwithmysql\stateinter.obj
d:\myprojects\win_project\windows_projects\creatallparameter\creatallparameter\x64\debugwithmysql\stockaccountnum.obj
d:\myprojects\win_project\windows_projects\creatallparameter\creatallparameter\x64\debugwithmysql\tinystr.obj
d:\myprojects\win_project\windows_projects\creatallparameter\creatallparameter\x64\debugwithmysql\tinyxml.obj
d:\myprojects\win_project\windows_projects\creatallparameter\creatallparameter\x64\debugwithmysql\tinyxmlerror.obj
d:\myprojects\win_project\windows_projects\creatallparameter\creatallparameter\x64\debugwithmysql\tinyxmlparser.obj
d:\myprojects\win_project\windows_projects\creatallparameter\creatallparameter\x64\debugwithmysql\trandrecord.obj
d:\myprojects\win_project\windows_projects\creatallparameter\creatallparameter\x64\debugwithmysql\trendanal.obj
d:\myprojects\win_project\windows_projects\creatallparameter\creatallparameter\x64\debugwithmysql\statemachineinter.obj
d:\myprojects\win_project\windows_projects\creatallparameter\creatallparameter\x64\debugwithmysql\stockdatatable.obj
d:\myprojects\win_project\windows_projects\creatallparameter\creatallparameter\x64\debugwithmysql\bullmarkbearmark.obj
d:\myprojects\win_project\windows_projects\creatallparameter\creatallparameter\x64\debugwithmysql\cdp.obj
d:\myprojects\win_project\windows_projects\creatallparameter\creatallparameter\x64\debugwithmysql\creatallparameter.obj
d:\myprojects\win_project\windows_projects\creatallparameter\creatallparameter\x64\debugwithmysql\datasizeswich.obj
d:\myprojects\win_project\windows_projects\creatallparameter\creatallparameter\x64\debugwithmysql\datetool.obj
d:\myprojects\win_project\windows_projects\creatallparameter\creatallparameter\x64\debugwithmysql\dmi.obj
d:\myprojects\win_project\windows_projects\creatallparameter\creatallparameter\x64\debugwithmysql\clocalrecordtool.obj
d:\myprojects\win_project\windows_projects\creatallparameter\creatallparameter\x64\debugwithmysql\freqstatistice.obj
d:\myprojects\win_project\windows_projects\creatallparameter\creatallparameter\x64\debugwithmysql\locker.obj
d:\myprojects\win_project\windows_projects\creatallparameter\creatallparameter\x64\debugwithmysql\log.obj
d:\myprojects\win_project\windows_projects\creatallparameter\creatallparameter\x64\debugwithmysql\ma.obj
d:\myprojects\win_project\windows_projects\creatallparameter\creatallparameter\x64\debugwithmysql\mainloop.obj
d:\myprojects\win_project\windows_projects\creatallparameter\creatallparameter\x64\debugwithmysql\matrix.obj
d:\myprojects\win_project\windows_projects\creatallparameter\creatallparameter\x64\debugwithmysql\numbers.obj
d:\myprojects\win_project\windows_projects\creatallparameter\creatallparameter\x64\debugwithmysql\asi.obj
d:\myprojects\win_project\windows_projects\creatallparameter\creatallparameter\x64\debugwithmysql\commonfunction.obj
d:\myprojects\win_project\windows_projects\creatallparameter\creatallparameter\x64\debugwithmysql\numberinter.obj
d:\myprojects\win_project\windows_projects\creatallparameter\creatallparameter\x64\debugwithmysql\staterecords.obj
d:\myprojects\win_project\windows_projects\creatallparameter\creatallparameter\x64\debugwithmysql\arbrcrvrpsy.obj
d:\myprojects\win_project\windows_projects\creatallparameter\creatallparameter\x64\debugwithmysql\ccdpstatistics.obj
d:\myprojects\win_project\windows_projects\creatallparameter\creatallparameter\x64\debugwithmysql\dft.obj
d:\myprojects\win_project\windows_projects\creatallparameter\creatallparameter\x64\debugwithmysql\emv.obj
d:\myprojects\win_project\windows_projects\creatallparameter\creatallparameter\x64\debugwithmysql\meanvariance.obj
d:\myprojects\win_project\windows_projects\creatallparameter\creatallparameter\x64\debugwithmysql\mysqlinterface.obj
d:\myprojects\win_project\windows_projects\creatallparameter\creatallparameter\x64\debugwithmysql\searchstock.obj
d:\myprojects\win_project\windows_projects\creatallparameter\creatallparameter\x64\debugwithmysql\creatall.591aa5f1.tlog\cl.command.1.tlog
d:\myprojects\win_project\windows_projects\creatallparameter\creatallparameter\x64\debugwithmysql\creatall.591aa5f1.tlog\cl.read.1.tlog
d:\myprojects\win_project\windows_projects\creatallparameter\creatallparameter\x64\debugwithmysql\creatall.591aa5f1.tlog\cl.write.1.tlog
d:\myprojects\win_project\windows_projects\creatallparameter\creatallparameter\x64\debugwithmysql\creatall.591aa5f1.tlog\link.command.1.tlog
d:\myprojects\win_project\windows_projects\creatallparameter\creatallparameter\x64\debugwithmysql\creatall.591aa5f1.tlog\link.read.1.tlog
d:\myprojects\win_project\windows_projects\creatallparameter\creatallparameter\x64\debugwithmysql\creatall.591aa5f1.tlog\link.write.1.tlog
