生成启动时间为 2017/7/30 12:13:34。
     1>项目“D:\MyProjects\win_project\StockData\StockData\StockData.vcxproj”在节点 2 上(Build 个目标)。
     1>ClCompile:
         D:\Program Files\VC\bin\x86_amd64\CL.exe /c /Zi /nologo /W4 /WX- /sdl /Od /D WIN32 /D _DEBUG /D _CONSOLE /D _LIB /D _MBCS /Gm /EHsc /RTC1 /MDd /GS /fp:precise /Zc:wchar_t /Zc:forScope /Fo"x64\Debug\\" /Fd"x64\Debug\vc120.pdb" /Gd /TP /errorReport:prompt CMACDProg2.cpp
         CMACDProg2.cpp
     1>CMACDProg2.cpp(46): warning C4127: 条件表达式是常量
     1>CMACDProg2.cpp(134): warning C4189: “DEAData”: 局部变量已初始化但不引用
     1>CMACDProg2.cpp(133): warning C4189: “DiffData”: 局部变量已初始化但不引用
     1>CMACDProg2.cpp(136): warning C4189: “ChangeRateData”: 局部变量已初始化但不引用
     1>CMACDProg2.cpp(135): warning C4189: “BARData”: 局部变量已初始化但不引用
     1>CMACDProg2.cpp(132): warning C4189: “closeData”: 局部变量已初始化但不引用
     1>CMACDProg2.cpp(215): warning C4244: “=”: 从“double”转换到“float”，可能丢失数据
     1>CMACDProg2.cpp(216): warning C4244: “=”: 从“double”转换到“float”，可能丢失数据
     1>CMACDProg2.cpp(217): warning C4244: “=”: 从“double”转换到“float”，可能丢失数据
     1>CMACDProg2.cpp(218): warning C4244: “=”: 从“double”转换到“float”，可能丢失数据
     1>CMACDProg2.cpp(219): warning C4244: “=”: 从“double”转换到“float”，可能丢失数据
     1>CMACDProg2.cpp(283): warning C4244: “=”: 从“double”转换到“float”，可能丢失数据
     1>CMACDProg2.cpp(284): warning C4244: “=”: 从“double”转换到“float”，可能丢失数据
     1>CMACDProg2.cpp(285): warning C4244: “=”: 从“double”转换到“float”，可能丢失数据
     1>CMACDProg2.cpp(286): warning C4244: “=”: 从“double”转换到“float”，可能丢失数据
     1>CMACDProg2.cpp(287): warning C4244: “=”: 从“double”转换到“float”，可能丢失数据
     1>CMACDProg2.cpp(343): warning C4100: “DayVariableList”: 未引用的形参
     1>CMACDProg2.cpp(367): warning C4244: “参数”: 从“double”转换到“float”，可能丢失数据
     1>CMACDProg2.cpp(390): warning C4244: “初始化”: 从“double”转换到“float”，可能丢失数据
     1>CMACDProg2.cpp(442): warning C4244: “=”: 从“__int64”转换到“int”，可能丢失数据
     1>CMACDProg2.cpp(457): warning C4244: “=”: 从“double”转换到“float”，可能丢失数据
       Link:
         D:\Program Files\VC\bin\x86_amd64\link.exe /ERRORREPORT:PROMPT /OUT:"D:\MyProjects\win_project\StockData\x64\Debug\StockData.exe" /INCREMENTAL /NOLOGO kernel32.lib user32.lib gdi32.lib winspool.lib comdlg32.lib advapi32.lib shell32.lib ole32.lib oleaut32.lib uuid.lib odbc32.lib odbccp32.lib /MANIFEST /MANIFESTUAC:"level='asInvoker' uiAccess='false'" /manifest:embed /DEBUG /PDB:"D:\MyProjects\win_project\StockData\x64\Debug\StockData.pdb" /SUBSYSTEM:CONSOLE /TLBID:1 /DYNAMICBASE /NXCOMPAT /IMPLIB:"D:\MyProjects\win_project\StockData\x64\Debug\StockData.lib" /MACHINE:X64 x64\Debug\CMACDProg1.obj
         x64\Debug\CMACDProg2.obj
         x64\Debug\CommonFunction.obj
         x64\Debug\New_MACD.obj
         x64\Debug\IndexNumber.obj
         x64\Debug\PosiCal.obj
         x64\Debug\stdafx.obj
         x64\Debug\StockAccountNum.obj
         StockData.vcxproj -> D:\MyProjects\win_project\StockData\x64\Debug\StockData.exe
     1>已完成生成项目“D:\MyProjects\win_project\StockData\StockData\StockData.vcxproj”(Build 个目标)的操作。

生成成功。

已用时间 00:00:01.11
