d:\myprojects\win_project\stockdata\stockdata\x64\debug\vc120.pdb
d:\myprojects\win_project\stockdata\stockdata\x64\debug\vc120.idb
d:\myprojects\win_project\stockdata\stockdata\x64\debug\ccomputvaluebymacd.obj
d:\myprojects\win_project\stockdata\stockdata\x64\debug\ccomputvaluebymacdprog2.obj
d:\myprojects\win_project\stockdata\stockdata\x64\debug\commonfunction.obj
d:\myprojects\win_project\stockdata\stockdata\x64\debug\new_macd.obj
d:\myprojects\win_project\stockdata\stockdata\x64\debug\indexnumber.obj
d:\myprojects\win_project\stockdata\stockdata\x64\debug\stdafx.obj
d:\myprojects\win_project\stockdata\stockdata\x64\debug\stockaccountnum.obj
d:\myprojects\win_project\stockdata\stockdata\x64\debug\cmacdprog1.obj
d:\myprojects\win_project\stockdata\stockdata\x64\debug\cmacdprog2.obj
d:\myprojects\win_project\stockdata\stockdata\x64\debug\posical.obj
d:\myprojects\win_project\stockdata\x64\debug\stockdata.ilk
d:\myprojects\win_project\stockdata\x64\debug\stockdata.exe
d:\myprojects\win_project\stockdata\x64\debug\stockdata.pdb
d:\myprojects\win_project\stockdata\stockdata\x64\debug\stockdata.tlog\cl.command.1.tlog
d:\myprojects\win_project\stockdata\stockdata\x64\debug\stockdata.tlog\cl.read.1.tlog
d:\myprojects\win_project\stockdata\stockdata\x64\debug\stockdata.tlog\cl.write.1.tlog
d:\myprojects\win_project\stockdata\stockdata\x64\debug\stockdata.tlog\link.command.1.tlog
d:\myprojects\win_project\stockdata\stockdata\x64\debug\stockdata.tlog\link.read.1.tlog
d:\myprojects\win_project\stockdata\stockdata\x64\debug\stockdata.tlog\link.write.1.tlog
