生成启动时间为 2017/8/1 22:28:27。
     1>项目“D:\MyProjects\win_project\StockData\StockData\StockData.vcxproj”在节点 2 上(Build 个目标)。
     1>ClCompile:
         D:\Program Files\VC\bin\CL.exe /c /ZI /nologo /W4 /WX- /sdl /Od /Oy- /D WIN32 /D _DEBUG /D _CONSOLE /D _LIB /D _MBCS /Gm /EHsc /RTC1 /MDd /GS /fp:precise /Zc:wchar_t /Zc:forScope /Fo"Debug\\" /Fd"Debug\vc120.pdb" /Gd /TP /analyze- /errorReport:prompt PosiCal.cpp
         PosiCal.cpp
     1>d:\myprojects\win_project\stockdata\stockdata\posical.cpp(52): warning C4189: “diffDiff”: 局部变量已初始化但不引用
     1>d:\myprojects\win_project\stockdata\stockdata\posical.cpp(53): warning C4189: “BARDiff”: 局部变量已初始化但不引用
       Link:
         D:\Program Files\VC\bin\link.exe /ERRORREPORT:PROMPT /OUT:"D:\MyProjects\win_project\StockData\Debug\StockData.exe" /INCREMENTAL /NOLOGO kernel32.lib user32.lib gdi32.lib winspool.lib comdlg32.lib advapi32.lib shell32.lib ole32.lib oleaut32.lib uuid.lib odbc32.lib odbccp32.lib /MANIFEST /MANIFESTUAC:"level='asInvoker' uiAccess='false'" /manifest:embed /DEBUG /PDB:"D:\MyProjects\win_project\StockData\Debug\StockData.pdb" /SUBSYSTEM:CONSOLE /TLBID:1 /DYNAMICBASE /NXCOMPAT /IMPLIB:"D:\MyProjects\win_project\StockData\Debug\StockData.lib" /MACHINE:X86 Debug\CMACDProg1.obj
         Debug\CMACDProg2.obj
         Debug\CommonFunction.obj
         Debug\New_MACD.obj
         Debug\IndexNumber.obj
         Debug\PosiCal.obj
         Debug\stdafx.obj
         Debug\StockAccountNum.obj
         StockData.vcxproj -> D:\MyProjects\win_project\StockData\Debug\StockData.exe
     1>已完成生成项目“D:\MyProjects\win_project\StockData\StockData\StockData.vcxproj”(Build 个目标)的操作。

生成成功。

已用时间 00:00:01.22
