d:\myprojects\win_project\creatallparameter\creatallparameter\debug\creatallparameter.pch
d:\myprojects\win_project\creatallparameter\creatallparameter\debug\vc120.pdb
d:\myprojects\win_project\creatallparameter\creatallparameter\debug\vc120.idb
d:\myprojects\win_project\creatallparameter\creatallparameter\debug\stdafx.obj
d:\myprojects\win_project\creatallparameter\creatallparameter\debug\creatallparameter.obj
d:\myprojects\win_project\creatallparameter\creatallparameter\debug\asi.obj
d:\myprojects\win_project\creatallparameter\creatallparameter\debug\commonfunction.obj
d:\myprojects\win_project\creatallparameter\creatallparameter\debug\numberall.obj
d:\myprojects\win_project\creatallparameter\creatallparameter\debug\right.obj
d:\myprojects\win_project\creatallparameter\creatallparameter\debug\staterecords.obj
d:\myprojects\win_project\creatallparameter\creatallparameter\debug\trix.obj
d:\myprojects\win_project\creatallparameter\creatallparameter\debug\_dma.obj
d:\myprojects\win_project\creatallparameter\creatallparameter\debug\indexnumber.obj
d:\myprojects\win_project\creatallparameter\creatallparameter\debug\kdj.obj
d:\myprojects\win_project\creatallparameter\creatallparameter\debug\macd.obj
d:\myprojects\win_project\creatallparameter\creatallparameter\debug\stockaccountnum.obj
d:\myprojects\win_project\creatallparameter\creatallparameter\debug\trendanal.obj
d:\myprojects\win_project\creatallparameter\debug\creatallparameter.ilk
d:\myprojects\win_project\creatallparameter\debug\creatallparameter.exe
d:\myprojects\win_project\creatallparameter\debug\creatallparameter.pdb
d:\myprojects\win_project\creatallparameter\creatallparameter\debug\creatall.591aa5f1.tlog\cl.command.1.tlog
d:\myprojects\win_project\creatallparameter\creatallparameter\debug\creatall.591aa5f1.tlog\cl.read.1.tlog
d:\myprojects\win_project\creatallparameter\creatallparameter\debug\creatall.591aa5f1.tlog\cl.write.1.tlog
d:\myprojects\win_project\creatallparameter\creatallparameter\debug\creatall.591aa5f1.tlog\link.command.1.tlog
d:\myprojects\win_project\creatallparameter\creatallparameter\debug\creatall.591aa5f1.tlog\link.read.1.tlog
d:\myprojects\win_project\creatallparameter\creatallparameter\debug\creatall.591aa5f1.tlog\link.write.1.tlog
