生成启动时间为 2019/4/9 17:58:26。
     1>项目“D:\MyProjects\win_project\Windows_Projects\CreatAllParameter\CreatAllParameter\CreatAllParameter.vcxproj”在节点 2 上(Build 个目标)。
     1>ClCompile:
         D:\Program Files\VC\bin\CL.exe /c /I.\eigen3 /I"D:\MySql\mysql-5.7.25-win32\include" /ZI /nologo /W3 /WX- /sdl /Od /Oy- /D WIN32 /D _DEBUG /D _CONSOLE /D _LIB /D _MBCS /Gm /EHsc /RTC1 /MDd /GS /fp:precise /Zc:wchar_t /Zc:forScope /Yu"stdafx.h" /Fp"Debug\CreatAllParameter.pch" /Fo"Debug\\" /Fd"Debug\vc120.pdb" /Gd /TP /analyze- /errorReport:prompt StatisticeInter.cpp
         StatisticeInter.cpp
     1>d:\myprojects\win_project\windows_projects\creatallparameter\creatallparameter\glog\logging.h(1158): warning C4251: “google::LogMessage::LogStream::streambuf_”: class“google::base_logging::LogStreamBuf”需要有 dll 接口由 class“google::LogMessage::LogStream”的客户端使用
                 d:\myprojects\win_project\windows_projects\creatallparameter\creatallparameter\glog\logging.h(1088) : 参见“google::base_logging::LogStreamBuf”的声明
     1>d:\myprojects\win_project\windows_projects\creatallparameter\creatallparameter\statisticeinter.cpp(107): warning C4244: “初始化”: 从“int”转换到“float”，可能丢失数据
     1>d:\myprojects\win_project\windows_projects\creatallparameter\creatallparameter\statisticeinter.cpp(108): warning C4244: “初始化”: 从“int”转换到“float”，可能丢失数据
     1>d:\myprojects\win_project\windows_projects\creatallparameter\creatallparameter\statisticeinter.cpp(242): warning C4244: “初始化”: 从“unsigned int”转换到“StockDataType”，可能丢失数据
     1>d:\myprojects\win_project\windows_projects\creatallparameter\creatallparameter\statisticeinter.h(95): warning C4244: “初始化”: 从“double”转换到“unsigned int”，可能丢失数据
                 d:\myprojects\win_project\windows_projects\creatallparameter\creatallparameter\statisticeinter.cpp(302): 参见对正在编译的函数 模板 实例化“void CStatisticeInter::GroupStatistice<unsigned int>(const std::vector<unsigned int,std::allocator<char32_t>> &,T,std::map<unsigned int,unsigned int,std::less<_Kty>,std::allocator<std::pair<const _Kty,_Ty>>> &)”的引用
                 with
                 [
                     T=unsigned int
         ,            _Kty=unsigned int
         ,            _Ty=unsigned int
                 ]
     1>d:\program files\vc\include\numeric(20): warning C4244: “=”: 从“float”转换到“int”，可能丢失数据
                 d:\program files\vc\include\numeric(31): 参见对正在编译的函数 模板 实例化“_Ty std::_Accumulate<const float*,_Ty,_Fn2>(_InIt,_InIt,_Ty,_Fn2)”的引用
                 with
                 [
                     _Ty=int
         ,            _Fn2=std::plus<void>
         ,            _InIt=const float *
                 ]
                 d:\program files\vc\include\numeric(39): 参见对正在编译的函数 模板 实例化“_Ty std::accumulate<_InIt,_Ty,std::plus<void>>(_InIt,_InIt,_Ty,_Fn2)”的引用
                 with
                 [
                     _Ty=int
         ,            _InIt=std::_Vector_const_iterator<std::_Vector_val<std::_Simple_types<float>>>
         ,            _Fn2=std::plus<void>
                 ]
                 d:\myprojects\win_project\windows_projects\creatallparameter\creatallparameter\statisticeinter.cpp(242): 参见对正在编译的函数 模板 实例化“_Ty std::accumulate<std::_Vector_const_iterator<std::_Vector_val<std::_Simple_types<float>>>,int>(_InIt,_InIt,_Ty)”的引用
                 with
                 [
                     _Ty=int
         ,            _InIt=std::_Vector_const_iterator<std::_Vector_val<std::_Simple_types<float>>>
                 ]
       Link:
         D:\Program Files\VC\bin\link.exe /ERRORREPORT:PROMPT /OUT:"D:\MyProjects\win_project\Windows_Projects\CreatAllParameter\Debug\CreatAllParameter.exe" /INCREMENTAL /NOLOGO /LIBPATH:"D:\MySql\mysql-5.7.25-winx32\lib" kernel32.lib user32.lib gdi32.lib winspool.lib comdlg32.lib advapi32.lib shell32.lib ole32.lib oleaut32.lib uuid.lib odbc32.lib odbccp32.lib kernel32.lib user32.lib gdi32.lib winspool.lib comdlg32.lib advapi32.lib shell32.lib ole32.lib oleaut32.lib uuid.lib odbc32.lib odbccp32.lib python36.lib libmysql.lib /MANIFEST /MANIFESTUAC:"level='asInvoker' uiAccess='false'" /manifest:embed /DEBUG /PDB:"D:\MyProjects\win_project\Windows_Projects\CreatAllParameter\Debug\CreatAllParameter.pdb" /SUBSYSTEM:CONSOLE /TLBID:1 /DYNAMICBASE /NXCOMPAT /IMPLIB:"D:\MyProjects\win_project\Windows_Projects\CreatAllParameter\Debug\CreatAllParameter.lib" /MACHINE:X86 Debug\ARBRCRVRPSY.obj
         Debug\CcdpStatistics.obj
         Debug\DFT.obj
         Debug\EMV.obj
         Debug\MeanVariance.obj
         Debug\MySQLInterFace.obj
         Debug\SearchStock.obj
         Debug\StateMachineInter.obj
         Debug\StockDataTable.obj
         Debug\BullMarkBearMark.obj
         Debug\CDP.obj
         Debug\CreatAllParameter.obj
         Debug\DataSizeSwich.obj
         Debug\DateTool.obj
         Debug\DMI.obj
         Debug\CLocalRecordTool.obj
         Debug\FreqStatistice.obj
         Debug\Locker.obj
         Debug\Log.obj
         Debug\Ma.obj
         Debug\MainLoop.obj
         Debug\Matrix.obj
         Debug\Numbers.obj
         Debug\ASI.obj
         Debug\CommonFunction.obj
         Debug\NumberInter.obj
         Debug\StateRecords.obj
         Debug\TRIX.obj
         Debug\_DMA.obj
         Debug\NumberBase.obj
         Debug\KDJ.obj
         Debug\Macd.obj
         Debug\PriChag.obj
         Debug\PythonInterface.obj
         Debug\StaticIntegral.obj
         Debug\StaticRecord.obj
         Debug\StatisticeTool.obj
         Debug\StatisticeInter.obj
         Debug\StateB.obj
         Debug\StateInter.obj
         Debug\stdafx.obj
         Debug\StockAccountNum.obj
         Debug\tinystr.obj
         Debug\tinyxml.obj
         Debug\tinyxmlerror.obj
         Debug\tinyxmlparser.obj
         Debug\TrandRecord.obj
         Debug\TrendAnal.obj
         CreatAllParameter.vcxproj -> D:\MyProjects\win_project\Windows_Projects\CreatAllParameter\Debug\CreatAllParameter.exe
     1>已完成生成项目“D:\MyProjects\win_project\Windows_Projects\CreatAllParameter\CreatAllParameter\CreatAllParameter.vcxproj”(Build 个目标)的操作。

生成成功。

已用时间 00:00:01.55
