生成启动时间为 2019/3/31 16:08:05。
     1>项目“D:\MyProjects\win_project\Windows_Projects\CreatAllParameter\CreatAllParameter\CreatAllParameter.vcxproj”在节点 2 上(Build 个目标)。
     1>Link:
         D:\Program Files\VC\bin\link.exe /ERRORREPORT:PROMPT /OUT:"D:\MyProjects\win_project\Windows_Projects\CreatAllParameter\DebugWithMysql\CreatAllParameter.exe" /INCREMENTAL /NOLOGO /LIBPATH:"D:\MySql\mysql-5.7.25-winx64\lib" kernel32.lib user32.lib gdi32.lib winspool.lib comdlg32.lib advapi32.lib shell32.lib ole32.lib oleaut32.lib uuid.lib odbc32.lib odbccp32.lib kernel32.lib user32.lib gdi32.lib winspool.lib comdlg32.lib advapi32.lib shell32.lib ole32.lib oleaut32.lib uuid.lib odbc32.lib odbccp32.lib python36.lib libmysql.lib /MANIFEST /MANIFESTUAC:"level='asInvoker' uiAccess='false'" /manifest:embed /DEBUG /PDB:"D:\MyProjects\win_project\Windows_Projects\CreatAllParameter\DebugWithMysql\CreatAllParameter.pdb" /SUBSYSTEM:CONSOLE /TLBID:1 /DYNAMICBASE /NXCOMPAT /IMPLIB:"D:\MyProjects\win_project\Windows_Projects\CreatAllParameter\DebugWithMysql\CreatAllParameter.lib" /MACHINE:X64 DebugWithMysql\ARBRCRVRPSY.obj
         DebugWithMysql\CcdpStatistics.obj
         DebugWithMysql\DFT.obj
         DebugWithMysql\EMV.obj
         DebugWithMysql\MeanVariance.obj
         DebugWithMysql\MySQLInterFace.obj
         DebugWithMysql\SearchStock.obj
         DebugWithMysql\StateMachineInter.obj
         DebugWithMysql\StockDataTable.obj
         DebugWithMysql\BullMarkBearMark.obj
         DebugWithMysql\CDP.obj
         DebugWithMysql\CreatAllParameter.obj
         DebugWithMysql\DataSizeSwich.obj
         DebugWithMysql\DateTool.obj
         DebugWithMysql\DMI.obj
         DebugWithMysql\CLocalRecordTool.obj
         DebugWithMysql\FreqStatistice.obj
         DebugWithMysql\Locker.obj
         DebugWithMysql\Log.obj
         DebugWithMysql\Ma.obj
         DebugWithMysql\MainLoop.obj
         DebugWithMysql\Matrix.obj
         DebugWithMysql\Numbers.obj
         DebugWithMysql\ASI.obj
         DebugWithMysql\CommonFunction.obj
         DebugWithMysql\NumberInter.obj
         DebugWithMysql\StateRecords.obj
         DebugWithMysql\TRIX.obj
         DebugWithMysql\_DMA.obj
         DebugWithMysql\NumberBase.obj
         DebugWithMysql\KDJ.obj
         DebugWithMysql\Macd.obj
         DebugWithMysql\PriChag.obj
         DebugWithMysql\PythonInterface.obj
         DebugWithMysql\StaticIntegral.obj
         DebugWithMysql\StaticRecord.obj
         DebugWithMysql\StatisticeTool.obj
         DebugWithMysql\StatisticeInter.obj
         DebugWithMysql\StateB.obj
         DebugWithMysql\StateInter.obj
         DebugWithMysql\stdafx.obj
         DebugWithMysql\StockAccountNum.obj
         DebugWithMysql\tinystr.obj
         DebugWithMysql\tinyxml.obj
         DebugWithMysql\tinyxmlerror.obj
         DebugWithMysql\tinyxmlparser.obj
         DebugWithMysql\TrandRecord.obj
         DebugWithMysql\TrendAnal.obj
     1>DebugWithMysql\ARBRCRVRPSY.obj : fatal error LNK1112: 模块计算机类型“X86”与目标计算机类型“x64”冲突
     1>已完成生成项目“D:\MyProjects\win_project\Windows_Projects\CreatAllParameter\CreatAllParameter\CreatAllParameter.vcxproj”(Build 个目标)的操作 - 失败。

生成失败。

已用时间 00:00:00.20
