d:\myprojects\win_project\dataframetool\dataframetool\x64\release\vc120.pdb
d:\myprojects\win_project\dataframetool\dataframetool\x64\release\groupbymacd.obj
d:\myprojects\win_project\dataframetool\dataframetool\x64\release\dataframetool.obj
d:\myprojects\win_project\dataframetool\dataframetool\x64\release\commonfunction.obj
d:\myprojects\win_project\dataframetool\dataframetool\x64\release\cgroupdata.obj
d:\myprojects\win_project\dataframetool\dataframetool\x64\release\indexnumber.obj
d:\myprojects\win_project\dataframetool\dataframetool\x64\release\dataframetool.pch
d:\myprojects\win_project\dataframetool\dataframetool\x64\release\stdafx.obj
d:\myprojects\win_project\dataframetool\dataframetool\x64\release\dllmain.obj
d:\myprojects\win_project\dataframetool\dataframetool\x64\release\macd.obj
d:\myprojects\win_project\dataframetool\dataframetool\x64\release\kdj.obj
d:\myprojects\win_project\dataframetool\x64\release\dataframetool.lib
d:\myprojects\win_project\dataframetool\x64\release\dataframetool.exp
d:\myprojects\win_project\dataframetool\x64\release\dataframetool.dll
d:\myprojects\win_project\dataframetool\x64\release\dataframetool.pdb
d:\myprojects\win_project\dataframetool\dataframetool\x64\release\dataframetool.tlog\cl.command.1.tlog
d:\myprojects\win_project\dataframetool\dataframetool\x64\release\dataframetool.tlog\cl.read.1.tlog
d:\myprojects\win_project\dataframetool\dataframetool\x64\release\dataframetool.tlog\cl.write.1.tlog
d:\myprojects\win_project\dataframetool\dataframetool\x64\release\dataframetool.tlog\dataframetool.write.1u.tlog
d:\myprojects\win_project\dataframetool\dataframetool\x64\release\dataframetool.tlog\link.command.1.tlog
d:\myprojects\win_project\dataframetool\dataframetool\x64\release\dataframetool.tlog\link.read.1.tlog
d:\myprojects\win_project\dataframetool\dataframetool\x64\release\dataframetool.tlog\link.write.1.tlog
