生成启动时间为 2017/5/29 17:48:28。
     1>项目“D:\MyProjects\win_project\DataFrameTool\DataFrameTool\DataFrameTool.vcxproj”在节点 2 上(Build 个目标)。
     1>ClCompile:
         D:\Program Files\VC\bin\x86_amd64\CL.exe /c /Zi /nologo /W3 /WX- /sdl /Od /D WIN32 /D _DEBUG /D _WINDOWS /D _USRDLL /D DATAFRAMETOOL_EXPORTS /D _WINDLL /D _UNICODE /D UNICODE /Gm /EHsc /RTC1 /MDd /GS /fp:precise /Zc:wchar_t /Zc:forScope /Yc"stdafx.h" /Fp"x64\Debug\DataFrameTool.pch" /Fo"x64\Debug\\" /Fd"x64\Debug\vc120.pdb" /Gd /TP /errorReport:prompt stdafx.cpp
         stdafx.cpp
         D:\Program Files\VC\bin\x86_amd64\CL.exe /c /Zi /nologo /W3 /WX- /sdl /Od /D WIN32 /D _DEBUG /D _WINDOWS /D _USRDLL /D DATAFRAMETOOL_EXPORTS /D _WINDLL /D _UNICODE /D UNICODE /Gm /EHsc /RTC1 /MDd /GS /fp:precise /Zc:wchar_t /Zc:forScope /Yu"stdafx.h" /Fp"x64\Debug\DataFrameTool.pch" /Fo"x64\Debug\\" /Fd"x64\Debug\vc120.pdb" /Gd /TP /errorReport:prompt CGroupData.cpp CommonFunction.cpp DataFrameTool.cpp GroupByMACD.cpp
         GroupByMACD.cpp
     1>d:\myprojects\win_project\dataframetool\dataframetool\GroupByMACD.h(5): warning C4067: 预处理器指令后有意外标记 - 应输入换行符
         DataFrameTool.cpp
     1>d:\myprojects\win_project\dataframetool\dataframetool\GroupByMACD.h(5): warning C4067: 预处理器指令后有意外标记 - 应输入换行符
         CommonFunction.cpp
     1>CommonFunction.cpp(13): warning C4267: “初始化”: 从“size_t”转换到“int”，可能丢失数据
     1>CommonFunction.cpp(19): warning C4267: “=”: 从“size_t”转换到“int”，可能丢失数据
         CGroupData.cpp
     1>CGroupData.cpp(44): warning C4244: “初始化”: 从“double”转换到“float”，可能丢失数据
     1>CGroupData.cpp(49): warning C4244: “初始化”: 从“double”转换到“float”，可能丢失数据
         正在生成代码...
         D:\Program Files\VC\bin\x86_amd64\CL.exe /c /Zi /nologo /W3 /WX- /sdl /Od /D WIN32 /D _DEBUG /D _WINDOWS /D _USRDLL /D DATAFRAMETOOL_EXPORTS /D _WINDLL /D _UNICODE /D UNICODE /Gm /EHsc /RTC1 /MDd /GS /fp:precise /Zc:wchar_t /Zc:forScope /Fo"x64\Debug\\" /Fd"x64\Debug\vc120.pdb" /Gd /TP /errorReport:prompt dllmain.cpp
         dllmain.cpp
       Link:
         D:\Program Files\VC\bin\x86_amd64\link.exe /ERRORREPORT:PROMPT /OUT:"D:\MyProjects\win_project\DataFrameTool\x64\Debug\DataFrameTool.dll" /INCREMENTAL /NOLOGO kernel32.lib user32.lib gdi32.lib winspool.lib comdlg32.lib advapi32.lib shell32.lib ole32.lib oleaut32.lib uuid.lib odbc32.lib odbccp32.lib /MANIFEST /MANIFESTUAC:"level='asInvoker' uiAccess='false'" /manifest:embed /DEBUG /PDB:"D:\MyProjects\win_project\DataFrameTool\x64\Debug\DataFrameTool.pdb" /SUBSYSTEM:WINDOWS /TLBID:1 /DYNAMICBASE /NXCOMPAT /IMPLIB:"D:\MyProjects\win_project\DataFrameTool\x64\Debug\DataFrameTool.lib" /MACHINE:X64 /DLL x64\Debug\CGroupData.obj
         x64\Debug\CommonFunction.obj
         x64\Debug\DataFrameTool.obj
         x64\Debug\dllmain.obj
         x64\Debug\GroupByMACD.obj
         x64\Debug\stdafx.obj
            正在创建库 D:\MyProjects\win_project\DataFrameTool\x64\Debug\DataFrameTool.lib 和对象 D:\MyProjects\win_project\DataFrameTool\x64\Debug\DataFrameTool.exp
         DataFrameTool.vcxproj -> D:\MyProjects\win_project\DataFrameTool\x64\Debug\DataFrameTool.dll
     1>已完成生成项目“D:\MyProjects\win_project\DataFrameTool\DataFrameTool\DataFrameTool.vcxproj”(Build 个目标)的操作。

生成成功。

已用时间 00:00:02.77
