d:\myprojects\win_project\windows_projects\creatallparameter\creatallparameter\x64\release\creatallparameter.pch
d:\myprojects\win_project\windows_projects\creatallparameter\creatallparameter\x64\release\vc120.pdb
d:\myprojects\win_project\windows_projects\creatallparameter\creatallparameter\x64\release\stdafx.obj
d:\myprojects\win_project\windows_projects\creatallparameter\creatallparameter\x64\release\stockdatatable.obj
d:\myprojects\win_project\windows_projects\creatallparameter\creatallparameter\x64\release\statemachineinter.obj
d:\myprojects\win_project\windows_projects\creatallparameter\creatallparameter\x64\release\searchlastdaystate.obj
d:\myprojects\win_project\windows_projects\creatallparameter\creatallparameter\x64\release\rsical.obj
d:\myprojects\win_project\windows_projects\creatallparameter\creatallparameter\x64\release\ratestatistics.obj
d:\myprojects\win_project\windows_projects\creatallparameter\creatallparameter\x64\release\numberstosql.obj
d:\myprojects\win_project\windows_projects\creatallparameter\creatallparameter\x64\release\mysqlinterface.obj
d:\myprojects\win_project\windows_projects\creatallparameter\creatallparameter\x64\release\movingaverage.obj
d:\myprojects\win_project\windows_projects\creatallparameter\creatallparameter\x64\release\morphological.obj
d:\myprojects\win_project\windows_projects\creatallparameter\creatallparameter\x64\release\meanvariance.obj
d:\myprojects\win_project\windows_projects\creatallparameter\creatallparameter\x64\release\manipulamethod.obj
d:\myprojects\win_project\windows_projects\creatallparameter\creatallparameter\x64\release\group.obj
d:\myprojects\win_project\windows_projects\creatallparameter\creatallparameter\x64\release\finacedata.obj
d:\myprojects\win_project\windows_projects\creatallparameter\creatallparameter\x64\release\emv.obj
d:\myprojects\win_project\windows_projects\creatallparameter\creatallparameter\x64\release\dft.obj
d:\myprojects\win_project\windows_projects\creatallparameter\creatallparameter\x64\release\comtime.obj
d:\myprojects\win_project\windows_projects\creatallparameter\creatallparameter\x64\release\ccdpstatistics.obj
d:\myprojects\win_project\windows_projects\creatallparameter\creatallparameter\x64\release\bool.obj
d:\myprojects\win_project\windows_projects\creatallparameter\creatallparameter\x64\release\arbrcrvrpsy.obj
d:\myprojects\win_project\windows_projects\creatallparameter\creatallparameter\x64\release\numberbase.obj
d:\myprojects\win_project\windows_projects\creatallparameter\creatallparameter\x64\release\_dma.obj
d:\myprojects\win_project\windows_projects\creatallparameter\creatallparameter\x64\release\trix.obj
d:\myprojects\win_project\windows_projects\creatallparameter\creatallparameter\x64\release\staterecords.obj
d:\myprojects\win_project\windows_projects\creatallparameter\creatallparameter\x64\release\numberinter.obj
d:\myprojects\win_project\windows_projects\creatallparameter\creatallparameter\x64\release\commonfunction.obj
d:\myprojects\win_project\windows_projects\creatallparameter\creatallparameter\x64\release\asi.obj
d:\myprojects\win_project\windows_projects\creatallparameter\creatallparameter\x64\release\numbers.obj
d:\myprojects\win_project\windows_projects\creatallparameter\creatallparameter\x64\release\mainloop.obj
d:\myprojects\win_project\windows_projects\creatallparameter\creatallparameter\x64\release\ma.obj
d:\myprojects\win_project\windows_projects\creatallparameter\creatallparameter\x64\release\log.obj
d:\myprojects\win_project\windows_projects\creatallparameter\creatallparameter\x64\release\locker.obj
d:\myprojects\win_project\windows_projects\creatallparameter\creatallparameter\x64\release\freqstatistice.obj
d:\myprojects\win_project\windows_projects\creatallparameter\creatallparameter\x64\release\clocalrecordtool.obj
d:\myprojects\win_project\windows_projects\creatallparameter\creatallparameter\x64\release\dmi.obj
d:\myprojects\win_project\windows_projects\creatallparameter\creatallparameter\x64\release\datetool.obj
d:\myprojects\win_project\windows_projects\creatallparameter\creatallparameter\x64\release\datasizeswich.obj
d:\myprojects\win_project\windows_projects\creatallparameter\creatallparameter\x64\release\creatallparameter.obj
d:\myprojects\win_project\windows_projects\creatallparameter\creatallparameter\x64\release\cdp.obj
d:\myprojects\win_project\windows_projects\creatallparameter\creatallparameter\x64\release\bullmarkbearmark.obj
d:\myprojects\win_project\windows_projects\creatallparameter\creatallparameter\x64\release\trendanal.obj
d:\myprojects\win_project\windows_projects\creatallparameter\creatallparameter\x64\release\trandrecord.obj
d:\myprojects\win_project\windows_projects\creatallparameter\creatallparameter\x64\release\topbutrecord.obj
d:\myprojects\win_project\windows_projects\creatallparameter\creatallparameter\x64\release\tinyxmlparser.obj
d:\myprojects\win_project\windows_projects\creatallparameter\creatallparameter\x64\release\tinyxmlerror.obj
d:\myprojects\win_project\windows_projects\creatallparameter\creatallparameter\x64\release\tinyxml.obj
d:\myprojects\win_project\windows_projects\creatallparameter\creatallparameter\x64\release\tinystr.obj
d:\myprojects\win_project\windows_projects\creatallparameter\creatallparameter\x64\release\stockaccountnum.obj
d:\myprojects\win_project\windows_projects\creatallparameter\creatallparameter\x64\release\stateinter.obj
d:\myprojects\win_project\windows_projects\creatallparameter\creatallparameter\x64\release\stateb.obj
d:\myprojects\win_project\windows_projects\creatallparameter\creatallparameter\x64\release\statisticeinter.obj
d:\myprojects\win_project\windows_projects\creatallparameter\creatallparameter\x64\release\statisticetool.obj
d:\myprojects\win_project\windows_projects\creatallparameter\creatallparameter\x64\release\staticrecord.obj
d:\myprojects\win_project\windows_projects\creatallparameter\creatallparameter\x64\release\staticintegral.obj
d:\myprojects\win_project\windows_projects\creatallparameter\creatallparameter\x64\release\pythoninterface.obj
d:\myprojects\win_project\windows_projects\creatallparameter\creatallparameter\x64\release\prichag.obj
d:\myprojects\win_project\windows_projects\creatallparameter\creatallparameter\x64\release\macd.obj
d:\myprojects\win_project\windows_projects\creatallparameter\creatallparameter\x64\release\kdj.obj
d:\myprojects\win_project\windows_projects\creatallparameter\creatallparameter\x64\release\creatall.591aa5f1.tlog\cl.command.1.tlog
d:\myprojects\win_project\windows_projects\creatallparameter\creatallparameter\x64\release\creatall.591aa5f1.tlog\cl.read.1.tlog
d:\myprojects\win_project\windows_projects\creatallparameter\creatallparameter\x64\release\creatall.591aa5f1.tlog\cl.write.1.tlog
