d:\myprojects\win_project\windows_projects\creatallparameter\creatallparameter\debugwithmysql\creatallparameter.pch
d:\myprojects\win_project\windows_projects\creatallparameter\creatallparameter\debugwithmysql\vc120.pdb
d:\myprojects\win_project\windows_projects\creatallparameter\creatallparameter\debugwithmysql\vc120.idb
d:\myprojects\win_project\windows_projects\creatallparameter\creatallparameter\debugwithmysql\stdafx.obj
d:\myprojects\win_project\windows_projects\creatallparameter\creatallparameter\debugwithmysql\trix.obj
d:\myprojects\win_project\windows_projects\creatallparameter\creatallparameter\debugwithmysql\_dma.obj
d:\myprojects\win_project\windows_projects\creatallparameter\creatallparameter\debugwithmysql\numberbase.obj
d:\myprojects\win_project\windows_projects\creatallparameter\creatallparameter\debugwithmysql\kdj.obj
d:\myprojects\win_project\windows_projects\creatallparameter\creatallparameter\debugwithmysql\macd.obj
d:\myprojects\win_project\windows_projects\creatallparameter\creatallparameter\debugwithmysql\prichag.obj
d:\myprojects\win_project\windows_projects\creatallparameter\creatallparameter\debugwithmysql\pythoninterface.obj
d:\myprojects\win_project\windows_projects\creatallparameter\creatallparameter\debugwithmysql\staticintegral.obj
d:\myprojects\win_project\windows_projects\creatallparameter\creatallparameter\debugwithmysql\staticrecord.obj
d:\myprojects\win_project\windows_projects\creatallparameter\creatallparameter\debugwithmysql\statisticetool.obj
d:\myprojects\win_project\windows_projects\creatallparameter\creatallparameter\debugwithmysql\statisticeinter.obj
d:\myprojects\win_project\windows_projects\creatallparameter\creatallparameter\debugwithmysql\stateb.obj
d:\myprojects\win_project\windows_projects\creatallparameter\creatallparameter\debugwithmysql\stateinter.obj
d:\myprojects\win_project\windows_projects\creatallparameter\creatallparameter\debugwithmysql\stockaccountnum.obj
d:\myprojects\win_project\windows_projects\creatallparameter\creatallparameter\debugwithmysql\tinystr.obj
d:\myprojects\win_project\windows_projects\creatallparameter\creatallparameter\debugwithmysql\tinyxml.obj
d:\myprojects\win_project\windows_projects\creatallparameter\creatallparameter\debugwithmysql\tinyxmlerror.obj
d:\myprojects\win_project\windows_projects\creatallparameter\creatallparameter\debugwithmysql\tinyxmlparser.obj
d:\myprojects\win_project\windows_projects\creatallparameter\creatallparameter\debugwithmysql\trandrecord.obj
d:\myprojects\win_project\windows_projects\creatallparameter\creatallparameter\debugwithmysql\trendanal.obj
d:\myprojects\win_project\windows_projects\creatallparameter\creatallparameter\debugwithmysql\statemachineinter.obj
d:\myprojects\win_project\windows_projects\creatallparameter\creatallparameter\debugwithmysql\stockdatatable.obj
d:\myprojects\win_project\windows_projects\creatallparameter\creatallparameter\debugwithmysql\bullmarkbearmark.obj
d:\myprojects\win_project\windows_projects\creatallparameter\creatallparameter\debugwithmysql\cdp.obj
d:\myprojects\win_project\windows_projects\creatallparameter\creatallparameter\debugwithmysql\creatallparameter.obj
d:\myprojects\win_project\windows_projects\creatallparameter\creatallparameter\debugwithmysql\datasizeswich.obj
d:\myprojects\win_project\windows_projects\creatallparameter\creatallparameter\debugwithmysql\datetool.obj
d:\myprojects\win_project\windows_projects\creatallparameter\creatallparameter\debugwithmysql\dmi.obj
d:\myprojects\win_project\windows_projects\creatallparameter\creatallparameter\debugwithmysql\clocalrecordtool.obj
d:\myprojects\win_project\windows_projects\creatallparameter\creatallparameter\debugwithmysql\freqstatistice.obj
d:\myprojects\win_project\windows_projects\creatallparameter\creatallparameter\debugwithmysql\locker.obj
d:\myprojects\win_project\windows_projects\creatallparameter\creatallparameter\debugwithmysql\log.obj
d:\myprojects\win_project\windows_projects\creatallparameter\creatallparameter\debugwithmysql\ma.obj
d:\myprojects\win_project\windows_projects\creatallparameter\creatallparameter\debugwithmysql\mainloop.obj
d:\myprojects\win_project\windows_projects\creatallparameter\creatallparameter\debugwithmysql\matrix.obj
d:\myprojects\win_project\windows_projects\creatallparameter\creatallparameter\debugwithmysql\numbers.obj
d:\myprojects\win_project\windows_projects\creatallparameter\creatallparameter\debugwithmysql\asi.obj
d:\myprojects\win_project\windows_projects\creatallparameter\creatallparameter\debugwithmysql\commonfunction.obj
d:\myprojects\win_project\windows_projects\creatallparameter\creatallparameter\debugwithmysql\numberinter.obj
d:\myprojects\win_project\windows_projects\creatallparameter\creatallparameter\debugwithmysql\staterecords.obj
d:\myprojects\win_project\windows_projects\creatallparameter\creatallparameter\debugwithmysql\arbrcrvrpsy.obj
d:\myprojects\win_project\windows_projects\creatallparameter\creatallparameter\debugwithmysql\ccdpstatistics.obj
d:\myprojects\win_project\windows_projects\creatallparameter\creatallparameter\debugwithmysql\dft.obj
d:\myprojects\win_project\windows_projects\creatallparameter\creatallparameter\debugwithmysql\emv.obj
d:\myprojects\win_project\windows_projects\creatallparameter\creatallparameter\debugwithmysql\meanvariance.obj
d:\myprojects\win_project\windows_projects\creatallparameter\creatallparameter\debugwithmysql\searchstock.obj
d:\myprojects\win_project\windows_projects\creatallparameter\creatallparameter\debugwithmysql\mysqlinterface.obj
d:\myprojects\win_project\windows_projects\creatallparameter\debugwithmysql\creatallparameter.ilk
d:\myprojects\win_project\windows_projects\creatallparameter\debugwithmysql\creatallparameter.exe
d:\myprojects\win_project\windows_projects\creatallparameter\debugwithmysql\creatallparameter.pdb
d:\myprojects\win_project\windows_projects\creatallparameter\creatallparameter\debugwithmysql\creatall.591aa5f1.tlog\cl.command.1.tlog
d:\myprojects\win_project\windows_projects\creatallparameter\creatallparameter\debugwithmysql\creatall.591aa5f1.tlog\cl.read.1.tlog
d:\myprojects\win_project\windows_projects\creatallparameter\creatallparameter\debugwithmysql\creatall.591aa5f1.tlog\cl.write.1.tlog
d:\myprojects\win_project\windows_projects\creatallparameter\creatallparameter\debugwithmysql\creatall.591aa5f1.tlog\link-cvtres.read.1.tlog
d:\myprojects\win_project\windows_projects\creatallparameter\creatallparameter\debugwithmysql\creatall.591aa5f1.tlog\link-cvtres.write.1.tlog
d:\myprojects\win_project\windows_projects\creatallparameter\creatallparameter\debugwithmysql\creatall.591aa5f1.tlog\link-rc.read.1.tlog
d:\myprojects\win_project\windows_projects\creatallparameter\creatallparameter\debugwithmysql\creatall.591aa5f1.tlog\link-rc.write.1.tlog
d:\myprojects\win_project\windows_projects\creatallparameter\creatallparameter\debugwithmysql\creatall.591aa5f1.tlog\link.19684-cvtres.read.1.tlog
d:\myprojects\win_project\windows_projects\creatallparameter\creatallparameter\debugwithmysql\creatall.591aa5f1.tlog\link.19684-cvtres.write.1.tlog
d:\myprojects\win_project\windows_projects\creatallparameter\creatallparameter\debugwithmysql\creatall.591aa5f1.tlog\link.19684-rc.read.1.tlog
d:\myprojects\win_project\windows_projects\creatallparameter\creatallparameter\debugwithmysql\creatall.591aa5f1.tlog\link.19684-rc.write.1.tlog
d:\myprojects\win_project\windows_projects\creatallparameter\creatallparameter\debugwithmysql\creatall.591aa5f1.tlog\link.19684.read.1.tlog
d:\myprojects\win_project\windows_projects\creatallparameter\creatallparameter\debugwithmysql\creatall.591aa5f1.tlog\link.19684.write.1.tlog
d:\myprojects\win_project\windows_projects\creatallparameter\creatallparameter\debugwithmysql\creatall.591aa5f1.tlog\link.command.1.tlog
d:\myprojects\win_project\windows_projects\creatallparameter\creatallparameter\debugwithmysql\creatall.591aa5f1.tlog\link.read.1.tlog
d:\myprojects\win_project\windows_projects\creatallparameter\creatallparameter\debugwithmysql\creatall.591aa5f1.tlog\link.write.1.tlog
