生成启动时间为 2019/3/31 15:55:08。
     1>项目“D:\MyProjects\win_project\Windows_Projects\CreatAllParameter\CreatAllParameter\CreatAllParameter.vcxproj”在节点 2 上(Build 个目标)。
     1>ClCompile:
         D:\Program Files\VC\bin\x86_amd64\CL.exe /c /I.\eigen3 /I"D:\MySql\mysql-5.7.25-winx64\include" /Zi /nologo /W3 /WX- /sdl /Od /D WIN32 /D _DEBUG /D _CONSOLE /D _LIB /D _MBCS /Gm /EHsc /RTC1 /MDd /GS /fp:precise /Zc:wchar_t /Zc:forScope /Yc"stdafx.h" /Fp"x64\Debug\CreatAllParameter.pch" /Fo"x64\Debug\\" /Fd"x64\Debug\vc120.pdb" /Gd /TP /errorReport:prompt stdafx.cpp
         stdafx.cpp
         D:\Program Files\VC\bin\x86_amd64\CL.exe /c /I.\eigen3 /I"D:\MySql\mysql-5.7.25-winx64\include" /Zi /nologo /W3 /WX- /sdl /Od /D WIN32 /D _DEBUG /D _CONSOLE /D _LIB /D _MBCS /Gm /EHsc /RTC1 /MDd /GS /fp:precise /Zc:wchar_t /Zc:forScope /Yu"stdafx.h" /Fp"x64\Debug\CreatAllParameter.pch" /Fo"x64\Debug\\" /Fd"x64\Debug\vc120.pdb" /Gd /TP /errorReport:prompt ARBRCRVRPSY.cpp CcdpStatistics.cpp DFT.cpp EMV.cpp MeanVariance.cpp MySQLInterFace.cpp SearchStock.cpp StateMachineInter.cpp StockDataTable.cpp BullMarkBearMark.cpp CDP.cpp CreatAllParameter.cpp DataSizeSwich.cpp DateTool.cpp DMI.cpp CLocalRecordTool.cpp FreqStatistice.cpp Locker.cpp Log.cpp Ma.cpp MainLoop.cpp Matrix.cpp Numbers.cpp Number\ASI.cpp Number\CommonFunction.cpp Number\NumberInter.cpp Number\StateRecords.cpp Number\TRIX.cpp Number\_DMA.cpp Number\NumberBase.cpp Number\KDJ.cpp Number\Macd.cpp PriChag.cpp PythonInterface.cpp StaticIntegral.cpp StaticRecord.cpp StatisticeTool.cpp StatisticeInter.cpp StateB.cpp StateInter.cpp StockAccountNum.cpp tinyxml\tinystr.cpp tinyxml\tinyxml.cpp tinyxml\tinyxmlerror.cpp tinyxml\tinyxmlparser.cpp TrandRecord.cpp TrendAnal.cpp
         TrendAnal.cpp
         TrandRecord.cpp
     1>TrandRecord.cpp(72): warning C4267: “初始化”: 从“size_t”转换到“unsigned int”，可能丢失数据
     1>TrandRecord.cpp(86): warning C4267: “初始化”: 从“size_t”转换到“unsigned int”，可能丢失数据
     1>TrandRecord.cpp(113): warning C4267: “初始化”: 从“size_t”转换到“unsigned int”，可能丢失数据
     1>TrandRecord.cpp(127): warning C4267: “初始化”: 从“size_t”转换到“unsigned int”，可能丢失数据
         tinyxmlparser.cpp
         tinyxmlerror.cpp
         tinyxml.cpp
         tinystr.cpp
         StockAccountNum.cpp
     1>d:\myprojects\win_project\windows_projects\creatallparameter\creatallparameter\glog/logging.h(1158): warning C4251: “google::LogMessage::LogStream::streambuf_”: class“google::base_logging::LogStreamBuf”需要有 dll 接口由 class“google::LogMessage::LogStream”的客户端使用
                 d:\myprojects\win_project\windows_projects\creatallparameter\creatallparameter\glog/logging.h(1088) : 参见“google::base_logging::LogStreamBuf”的声明
     1>StockAccountNum.cpp(108): warning C4244: “=”: 从“float”转换到“int”，可能丢失数据
     1>StockAccountNum.cpp(124): warning C4244: “=”: 从“float”转换到“int”，可能丢失数据
     1>StockAccountNum.cpp(167): warning C4244: “=”: 从“const float”转换到“int”，可能丢失数据
     1>StockAccountNum.cpp(168): warning C4244: “=”: 从“double”转换到“int”，可能丢失数据
     1>StockAccountNum.cpp(177): warning C4244: “=”: 从“const float”转换到“int”，可能丢失数据
     1>StockAccountNum.cpp(178): warning C4244: “=”: 从“double”转换到“int”，可能丢失数据
     1>StockAccountNum.cpp(273): warning C4244: “=”: 从“float”转换到“int”，可能丢失数据
         StateInter.cpp
     1>d:\myprojects\win_project\windows_projects\creatallparameter\creatallparameter\glog/logging.h(1158): warning C4251: “google::LogMessage::LogStream::streambuf_”: class“google::base_logging::LogStreamBuf”需要有 dll 接口由 class“google::LogMessage::LogStream”的客户端使用
                 d:\myprojects\win_project\windows_projects\creatallparameter\creatallparameter\glog/logging.h(1088) : 参见“google::base_logging::LogStreamBuf”的声明
         StateB.cpp
     1>d:\myprojects\win_project\windows_projects\creatallparameter\creatallparameter\glog/logging.h(1158): warning C4251: “google::LogMessage::LogStream::streambuf_”: class“google::base_logging::LogStreamBuf”需要有 dll 接口由 class“google::LogMessage::LogStream”的客户端使用
                 d:\myprojects\win_project\windows_projects\creatallparameter\creatallparameter\glog/logging.h(1088) : 参见“google::base_logging::LogStreamBuf”的声明
     1>StateB.cpp(195): warning C4267: “初始化”: 从“size_t”转换到“unsigned int”，可能丢失数据
     1>StateB.cpp(227): warning C4267: “初始化”: 从“size_t”转换到“unsigned int”，可能丢失数据
         StatisticeInter.cpp
     1>d:\myprojects\win_project\windows_projects\creatallparameter\creatallparameter\glog/logging.h(1158): warning C4251: “google::LogMessage::LogStream::streambuf_”: class“google::base_logging::LogStreamBuf”需要有 dll 接口由 class“google::LogMessage::LogStream”的客户端使用
                 d:\myprojects\win_project\windows_projects\creatallparameter\creatallparameter\glog/logging.h(1088) : 参见“google::base_logging::LogStreamBuf”的声明
     1>StatisticeInter.cpp(104): warning C4244: “初始化”: 从“int”转换到“float”，可能丢失数据
     1>StatisticeInter.cpp(105): warning C4244: “初始化”: 从“int”转换到“float”，可能丢失数据
     1>StatisticeInter.cpp(239): warning C4244: “初始化”: 从“unsigned __int64”转换到“tyStockData”，可能丢失数据
     1>StatisticeInter.cpp(297): warning C4267: “参数”: 从“size_t”转换到“unsigned int”，可能丢失数据
     1>StatisticeInter.cpp(298): warning C4267: “参数”: 从“size_t”转换到“unsigned int”，可能丢失数据
     1>d:\myprojects\win_project\windows_projects\creatallparameter\creatallparameter\StatisticeInter.h(64): warning C4244: “初始化”: 从“double”转换到“unsigned int”，可能丢失数据
                 StatisticeInter.cpp(300): 参见对正在编译的函数 模板 实例化“void CStatisticeInter::GroupStatistice<unsigned int>(const std::vector<unsigned int,std::allocator<char32_t>> &,T,std::map<unsigned int,unsigned int,std::less<_Kty>,std::allocator<std::pair<const _Kty,_Ty>>> &)”的引用
                 with
                 [
                     T=unsigned int
         ,            _Kty=unsigned int
         ,            _Ty=unsigned int
                 ]
     1>D:\Program Files\VC\include\numeric(20): warning C4244: “=”: 从“float”转换到“int”，可能丢失数据
                 D:\Program Files\VC\include\numeric(31): 参见对正在编译的函数 模板 实例化“_Ty std::_Accumulate<const float*,_Ty,_Fn2>(_InIt,_InIt,_Ty,_Fn2)”的引用
                 with
                 [
                     _Ty=int
         ,            _Fn2=std::plus<void>
         ,            _InIt=const float *
                 ]
                 D:\Program Files\VC\include\numeric(39): 参见对正在编译的函数 模板 实例化“_Ty std::accumulate<_InIt,_Ty,std::plus<void>>(_InIt,_InIt,_Ty,_Fn2)”的引用
                 with
                 [
                     _Ty=int
         ,            _InIt=std::_Vector_const_iterator<std::_Vector_val<std::_Simple_types<float>>>
         ,            _Fn2=std::plus<void>
                 ]
                 StatisticeInter.cpp(239): 参见对正在编译的函数 模板 实例化“_Ty std::accumulate<std::_Vector_const_iterator<std::_Vector_val<std::_Simple_types<float>>>,int>(_InIt,_InIt,_Ty)”的引用
                 with
                 [
                     _Ty=int
         ,            _InIt=std::_Vector_const_iterator<std::_Vector_val<std::_Simple_types<float>>>
                 ]
         StatisticeTool.cpp
         StaticRecord.cpp
         StaticIntegral.cpp
     1>StaticIntegral.cpp(37): warning C4267: “初始化”: 从“size_t”转换到“unsigned int”，可能丢失数据
         PythonInterface.cpp
         PriChag.cpp
         Macd.cpp
         KDJ.cpp
         NumberBase.cpp
     1>Number\NumberBase.cpp(142): warning C4244: “参数”: 从“float”转换到“char”，可能丢失数据
         _DMA.cpp
         TRIX.cpp
         正在生成代码...
     1>d:\myprojects\win_project\windows_projects\creatallparameter\creatallparameter\stockaccountnum.cpp(276): warning C4715: “CStockAccount::SellStock”: 不是所有的控件路径都返回值
     1>d:\myprojects\win_project\windows_projects\creatallparameter\creatallparameter\stockaccountnum.cpp(260): warning C4715: “CStockAccount::BuyStock”: 不是所有的控件路径都返回值
         正在编译...
         StateRecords.cpp
     1>d:\myprojects\win_project\windows_projects\creatallparameter\creatallparameter\number\../glog/logging.h(1158): warning C4251: “google::LogMessage::LogStream::streambuf_”: class“google::base_logging::LogStreamBuf”需要有 dll 接口由 class“google::LogMessage::LogStream”的客户端使用
                 d:\myprojects\win_project\windows_projects\creatallparameter\creatallparameter\number\../glog/logging.h(1088) : 参见“google::base_logging::LogStreamBuf”的声明
         NumberInter.cpp
     1>d:\myprojects\win_project\windows_projects\creatallparameter\creatallparameter\number\..\glog\logging.h(1158): warning C4251: “google::LogMessage::LogStream::streambuf_”: class“google::base_logging::LogStreamBuf”需要有 dll 接口由 class“google::LogMessage::LogStream”的客户端使用
                 d:\myprojects\win_project\windows_projects\creatallparameter\creatallparameter\number\..\glog\logging.h(1088) : 参见“google::base_logging::LogStreamBuf”的声明
     1>Number\NumberInter.cpp(186): warning C4267: “参数”: 从“size_t”转换到“unsigned int”，可能丢失数据
         CommonFunction.cpp
     1>Number\CommonFunction.cpp(17): warning C4267: “初始化”: 从“size_t”转换到“int”，可能丢失数据
     1>Number\CommonFunction.cpp(23): warning C4267: “=”: 从“size_t”转换到“int”，可能丢失数据
         ASI.cpp
         Numbers.cpp
         Matrix.cpp
         MainLoop.cpp
     1>d:\myprojects\win_project\windows_projects\creatallparameter\creatallparameter\glog/logging.h(1158): warning C4251: “google::LogMessage::LogStream::streambuf_”: class“google::base_logging::LogStreamBuf”需要有 dll 接口由 class“google::LogMessage::LogStream”的客户端使用
                 d:\myprojects\win_project\windows_projects\creatallparameter\creatallparameter\glog/logging.h(1088) : 参见“google::base_logging::LogStreamBuf”的声明
         Ma.cpp
     1>D:\Program Files\VC\include\numeric(20): warning C4244: “=”: 从“float”转换到“int”，可能丢失数据
                 D:\Program Files\VC\include\numeric(31): 参见对正在编译的函数 模板 实例化“_Ty std::_Accumulate<std::_List_unchecked_iterator<std::_List_val<std::_List_simple_types<float>>>,_Ty,_Fn2>(_InIt,_InIt,_Ty,_Fn2)”的引用
                 with
                 [
                     _Ty=int
         ,            _Fn2=std::plus<void>
         ,            _InIt=std::_List_unchecked_iterator<std::_List_val<std::_List_simple_types<float>>>
                 ]
                 D:\Program Files\VC\include\numeric(39): 参见对正在编译的函数 模板 实例化“_Ty std::accumulate<_InIt,_Ty,std::plus<void>>(_InIt,_InIt,_Ty,_Fn2)”的引用
                 with
                 [
                     _Ty=int
         ,            _InIt=std::_List_iterator<std::_List_val<std::_List_simple_types<float>>>
         ,            _Fn2=std::plus<void>
                 ]
                 Ma.cpp(56): 参见对正在编译的函数 模板 实例化“_Ty std::accumulate<std::_List_iterator<std::_List_val<std::_List_simple_types<float>>>,int>(_InIt,_InIt,_Ty)”的引用
                 with
                 [
                     _Ty=int
         ,            _InIt=std::_List_iterator<std::_List_val<std::_List_simple_types<float>>>
                 ]
         Log.cpp
     1>d:\myprojects\win_project\windows_projects\creatallparameter\creatallparameter\glog/logging.h(1158): warning C4251: “google::LogMessage::LogStream::streambuf_”: class“google::base_logging::LogStreamBuf”需要有 dll 接口由 class“google::LogMessage::LogStream”的客户端使用
                 d:\myprojects\win_project\windows_projects\creatallparameter\creatallparameter\glog/logging.h(1088) : 参见“google::base_logging::LogStreamBuf”的声明
         Locker.cpp
         FreqStatistice.cpp
     1>FreqStatistice.cpp(49): warning C4244: “初始化”: 从“float”转换到“int”，可能丢失数据
         CLocalRecordTool.cpp
         DMI.cpp
         DateTool.cpp
     1>DateTool.cpp(266): warning C4244: “初始化”: 从“double”转换到“float”，可能丢失数据
     1>DateTool.cpp(267): warning C4244: “初始化”: 从“double”转换到“int”，可能丢失数据
         DataSizeSwich.cpp
         CreatAllParameter.cpp
         CDP.cpp
         BullMarkBearMark.cpp
     1>d:\myprojects\win_project\windows_projects\creatallparameter\creatallparameter\glog/logging.h(1158): warning C4251: “google::LogMessage::LogStream::streambuf_”: class“google::base_logging::LogStreamBuf”需要有 dll 接口由 class“google::LogMessage::LogStream”的客户端使用
                 d:\myprojects\win_project\windows_projects\creatallparameter\creatallparameter\glog/logging.h(1088) : 参见“google::base_logging::LogStreamBuf”的声明
         StockDataTable.cpp
     1>StockDataTable.cpp(251): warning C4267: “return”: 从“size_t”转换到“unsigned int”，可能丢失数据
         StateMachineInter.cpp
         正在生成代码...
         正在编译...
         SearchStock.cpp
     1>d:\myprojects\win_project\windows_projects\creatallparameter\creatallparameter\glog/logging.h(1158): warning C4251: “google::LogMessage::LogStream::streambuf_”: class“google::base_logging::LogStreamBuf”需要有 dll 接口由 class“google::LogMessage::LogStream”的客户端使用
                 d:\myprojects\win_project\windows_projects\creatallparameter\creatallparameter\glog/logging.h(1088) : 参见“google::base_logging::LogStreamBuf”的声明
         MySQLInterFace.cpp
     1>d:\myprojects\win_project\windows_projects\creatallparameter\creatallparameter\glog/logging.h(1158): warning C4251: “google::LogMessage::LogStream::streambuf_”: class“google::base_logging::LogStreamBuf”需要有 dll 接口由 class“google::LogMessage::LogStream”的客户端使用
                 d:\myprojects\win_project\windows_projects\creatallparameter\creatallparameter\glog/logging.h(1088) : 参见“google::base_logging::LogStreamBuf”的声明
         MeanVariance.cpp
         EMV.cpp
     1>d:\myprojects\win_project\windows_projects\creatallparameter\creatallparameter\glog/logging.h(1158): warning C4251: “google::LogMessage::LogStream::streambuf_”: class“google::base_logging::LogStreamBuf”需要有 dll 接口由 class“google::LogMessage::LogStream”的客户端使用
                 d:\myprojects\win_project\windows_projects\creatallparameter\creatallparameter\glog/logging.h(1088) : 参见“google::base_logging::LogStreamBuf”的声明
         DFT.cpp
     1>d:\myprojects\win_project\windows_projects\creatallparameter\creatallparameter\glog/logging.h(1158): warning C4251: “google::LogMessage::LogStream::streambuf_”: class“google::base_logging::LogStreamBuf”需要有 dll 接口由 class“google::LogMessage::LogStream”的客户端使用
                 d:\myprojects\win_project\windows_projects\creatallparameter\creatallparameter\glog/logging.h(1088) : 参见“google::base_logging::LogStreamBuf”的声明
     1>DFT.cpp(19): warning C4267: “初始化”: 从“size_t”转换到“const int”，可能丢失数据
     1>DFT.cpp(23): warning C4018: “<”: 有符号/无符号不匹配
     1>DFT.cpp(26): warning C4018: “<”: 有符号/无符号不匹配
         CcdpStatistics.cpp
     1>CcdpStatistics.cpp(181): warning C4267: “=”: 从“size_t”转换到“unsigned int”，可能丢失数据
     1>CcdpStatistics.cpp(196): warning C4267: “=”: 从“size_t”转换到“unsigned int”，可能丢失数据
         ARBRCRVRPSY.cpp
     1>d:\myprojects\win_project\windows_projects\creatallparameter\creatallparameter\glog/logging.h(1158): warning C4251: “google::LogMessage::LogStream::streambuf_”: class“google::base_logging::LogStreamBuf”需要有 dll 接口由 class“google::LogMessage::LogStream”的客户端使用
                 d:\myprojects\win_project\windows_projects\creatallparameter\creatallparameter\glog/logging.h(1088) : 参见“google::base_logging::LogStreamBuf”的声明
         正在生成代码...
       Link:
         D:\Program Files\VC\bin\x86_amd64\link.exe /ERRORREPORT:PROMPT /OUT:"D:\MyProjects\win_project\Windows_Projects\CreatAllParameter\x64\Debug\CreatAllParameter.exe" /INCREMENTAL /NOLOGO kernel32.lib user32.lib gdi32.lib winspool.lib comdlg32.lib advapi32.lib shell32.lib ole32.lib oleaut32.lib uuid.lib odbc32.lib odbccp32.lib kernel32.lib user32.lib gdi32.lib winspool.lib comdlg32.lib advapi32.lib shell32.lib ole32.lib oleaut32.lib uuid.lib odbc32.lib odbccp32.lib python36.lib /MANIFEST /MANIFESTUAC:"level='asInvoker' uiAccess='false'" /manifest:embed /DEBUG /PDB:"D:\MyProjects\win_project\Windows_Projects\CreatAllParameter\x64\Debug\CreatAllParameter.pdb" /SUBSYSTEM:CONSOLE /TLBID:1 /DYNAMICBASE /NXCOMPAT /IMPLIB:"D:\MyProjects\win_project\Windows_Projects\CreatAllParameter\x64\Debug\CreatAllParameter.lib" /MACHINE:X64 x64\Debug\ARBRCRVRPSY.obj
         x64\Debug\CcdpStatistics.obj
         x64\Debug\DFT.obj
         x64\Debug\EMV.obj
         x64\Debug\MeanVariance.obj
         x64\Debug\MySQLInterFace.obj
         x64\Debug\SearchStock.obj
         x64\Debug\StateMachineInter.obj
         x64\Debug\StockDataTable.obj
         x64\Debug\BullMarkBearMark.obj
         x64\Debug\CDP.obj
         x64\Debug\CreatAllParameter.obj
         x64\Debug\DataSizeSwich.obj
         x64\Debug\DateTool.obj
         x64\Debug\DMI.obj
         x64\Debug\CLocalRecordTool.obj
         x64\Debug\FreqStatistice.obj
         x64\Debug\Locker.obj
         x64\Debug\Log.obj
         x64\Debug\Ma.obj
         x64\Debug\MainLoop.obj
         x64\Debug\Matrix.obj
         x64\Debug\Numbers.obj
         x64\Debug\ASI.obj
         x64\Debug\CommonFunction.obj
         x64\Debug\NumberInter.obj
         x64\Debug\StateRecords.obj
         x64\Debug\TRIX.obj
         x64\Debug\_DMA.obj
         x64\Debug\NumberBase.obj
         x64\Debug\KDJ.obj
         x64\Debug\Macd.obj
         x64\Debug\PriChag.obj
         x64\Debug\PythonInterface.obj
         x64\Debug\StaticIntegral.obj
         x64\Debug\StaticRecord.obj
         x64\Debug\StatisticeTool.obj
         x64\Debug\StatisticeInter.obj
         x64\Debug\StateB.obj
         x64\Debug\StateInter.obj
         x64\Debug\stdafx.obj
         x64\Debug\StockAccountNum.obj
         x64\Debug\tinystr.obj
         x64\Debug\tinyxml.obj
         x64\Debug\tinyxmlerror.obj
         x64\Debug\tinyxmlparser.obj
         x64\Debug\TrandRecord.obj
         x64\Debug\TrendAnal.obj
     1>msvcprtd.lib(MSVCP120D.dll) : fatal error LNK1112: 模块计算机类型“X86”与目标计算机类型“x64”冲突
     1>已完成生成项目“D:\MyProjects\win_project\Windows_Projects\CreatAllParameter\CreatAllParameter\CreatAllParameter.vcxproj”(Build 个目标)的操作 - 失败。

生成失败。

已用时间 00:00:29.05
