d:\myprojects\win_project\windows_projects\creatallparameter\creatallparameter\x64\debug\creatallparameter.pch
d:\myprojects\win_project\windows_projects\creatallparameter\creatallparameter\x64\debug\vc120.pdb
d:\myprojects\win_project\windows_projects\creatallparameter\creatallparameter\x64\debug\vc120.idb
d:\myprojects\win_project\windows_projects\creatallparameter\creatallparameter\x64\debug\stdafx.obj
d:\myprojects\win_project\windows_projects\creatallparameter\creatallparameter\x64\debug\trix.obj
d:\myprojects\win_project\windows_projects\creatallparameter\creatallparameter\x64\debug\_dma.obj
d:\myprojects\win_project\windows_projects\creatallparameter\creatallparameter\x64\debug\numberbase.obj
d:\myprojects\win_project\windows_projects\creatallparameter\creatallparameter\x64\debug\kdj.obj
d:\myprojects\win_project\windows_projects\creatallparameter\creatallparameter\x64\debug\macd.obj
d:\myprojects\win_project\windows_projects\creatallparameter\creatallparameter\x64\debug\prichag.obj
d:\myprojects\win_project\windows_projects\creatallparameter\creatallparameter\x64\debug\pythoninterface.obj
d:\myprojects\win_project\windows_projects\creatallparameter\creatallparameter\x64\debug\staticintegral.obj
d:\myprojects\win_project\windows_projects\creatallparameter\creatallparameter\x64\debug\staticrecord.obj
d:\myprojects\win_project\windows_projects\creatallparameter\creatallparameter\x64\debug\statisticetool.obj
d:\myprojects\win_project\windows_projects\creatallparameter\creatallparameter\x64\debug\statisticeinter.obj
d:\myprojects\win_project\windows_projects\creatallparameter\creatallparameter\x64\debug\stateb.obj
d:\myprojects\win_project\windows_projects\creatallparameter\creatallparameter\x64\debug\stateinter.obj
d:\myprojects\win_project\windows_projects\creatallparameter\creatallparameter\x64\debug\stockaccountnum.obj
d:\myprojects\win_project\windows_projects\creatallparameter\creatallparameter\x64\debug\tinystr.obj
d:\myprojects\win_project\windows_projects\creatallparameter\creatallparameter\x64\debug\tinyxml.obj
d:\myprojects\win_project\windows_projects\creatallparameter\creatallparameter\x64\debug\tinyxmlerror.obj
d:\myprojects\win_project\windows_projects\creatallparameter\creatallparameter\x64\debug\tinyxmlparser.obj
d:\myprojects\win_project\windows_projects\creatallparameter\creatallparameter\x64\debug\trandrecord.obj
d:\myprojects\win_project\windows_projects\creatallparameter\creatallparameter\x64\debug\trendanal.obj
d:\myprojects\win_project\windows_projects\creatallparameter\creatallparameter\x64\debug\statemachineinter.obj
d:\myprojects\win_project\windows_projects\creatallparameter\creatallparameter\x64\debug\stockdatatable.obj
d:\myprojects\win_project\windows_projects\creatallparameter\creatallparameter\x64\debug\bullmarkbearmark.obj
d:\myprojects\win_project\windows_projects\creatallparameter\creatallparameter\x64\debug\cdp.obj
d:\myprojects\win_project\windows_projects\creatallparameter\creatallparameter\x64\debug\creatallparameter.obj
d:\myprojects\win_project\windows_projects\creatallparameter\creatallparameter\x64\debug\datasizeswich.obj
d:\myprojects\win_project\windows_projects\creatallparameter\creatallparameter\x64\debug\datetool.obj
d:\myprojects\win_project\windows_projects\creatallparameter\creatallparameter\x64\debug\dmi.obj
d:\myprojects\win_project\windows_projects\creatallparameter\creatallparameter\x64\debug\clocalrecordtool.obj
d:\myprojects\win_project\windows_projects\creatallparameter\creatallparameter\x64\debug\freqstatistice.obj
d:\myprojects\win_project\windows_projects\creatallparameter\creatallparameter\x64\debug\locker.obj
d:\myprojects\win_project\windows_projects\creatallparameter\creatallparameter\x64\debug\log.obj
d:\myprojects\win_project\windows_projects\creatallparameter\creatallparameter\x64\debug\ma.obj
d:\myprojects\win_project\windows_projects\creatallparameter\creatallparameter\x64\debug\mainloop.obj
d:\myprojects\win_project\windows_projects\creatallparameter\creatallparameter\x64\debug\matrix.obj
d:\myprojects\win_project\windows_projects\creatallparameter\creatallparameter\x64\debug\numbers.obj
d:\myprojects\win_project\windows_projects\creatallparameter\creatallparameter\x64\debug\asi.obj
d:\myprojects\win_project\windows_projects\creatallparameter\creatallparameter\x64\debug\commonfunction.obj
d:\myprojects\win_project\windows_projects\creatallparameter\creatallparameter\x64\debug\numberinter.obj
d:\myprojects\win_project\windows_projects\creatallparameter\creatallparameter\x64\debug\staterecords.obj
d:\myprojects\win_project\windows_projects\creatallparameter\creatallparameter\x64\debug\arbrcrvrpsy.obj
d:\myprojects\win_project\windows_projects\creatallparameter\creatallparameter\x64\debug\ccdpstatistics.obj
d:\myprojects\win_project\windows_projects\creatallparameter\creatallparameter\x64\debug\dft.obj
d:\myprojects\win_project\windows_projects\creatallparameter\creatallparameter\x64\debug\emv.obj
d:\myprojects\win_project\windows_projects\creatallparameter\creatallparameter\x64\debug\meanvariance.obj
d:\myprojects\win_project\windows_projects\creatallparameter\creatallparameter\x64\debug\mysqlinterface.obj
d:\myprojects\win_project\windows_projects\creatallparameter\creatallparameter\x64\debug\searchstock.obj
d:\myprojects\win_project\windows_projects\creatallparameter\creatallparameter\x64\debug\creatall.591aa5f1.tlog\cl.command.1.tlog
d:\myprojects\win_project\windows_projects\creatallparameter\creatallparameter\x64\debug\creatall.591aa5f1.tlog\cl.read.1.tlog
d:\myprojects\win_project\windows_projects\creatallparameter\creatallparameter\x64\debug\creatall.591aa5f1.tlog\cl.write.1.tlog
d:\myprojects\win_project\windows_projects\creatallparameter\creatallparameter\x64\debug\creatall.591aa5f1.tlog\link.command.1.tlog
d:\myprojects\win_project\windows_projects\creatallparameter\creatallparameter\x64\debug\creatall.591aa5f1.tlog\link.read.1.tlog
d:\myprojects\win_project\windows_projects\creatallparameter\creatallparameter\x64\debug\creatall.591aa5f1.tlog\link.write.1.tlog
