d:\myprojects\win_project\windows_projects\creatallparameter\creatallparameter\release\creatallparameter.pch
d:\myprojects\win_project\windows_projects\creatallparameter\creatallparameter\release\vc120.pdb
d:\myprojects\win_project\windows_projects\creatallparameter\creatallparameter\release\stdafx.obj
d:\myprojects\win_project\windows_projects\creatallparameter\creatallparameter\release\statisticsb.obj
d:\myprojects\win_project\windows_projects\creatallparameter\creatallparameter\release\staticrecord.obj
d:\myprojects\win_project\windows_projects\creatallparameter\creatallparameter\release\macd.obj
d:\myprojects\win_project\windows_projects\creatallparameter\creatallparameter\release\kdj.obj
d:\myprojects\win_project\windows_projects\creatallparameter\creatallparameter\release\indexnumber.obj
d:\myprojects\win_project\windows_projects\creatallparameter\creatallparameter\release\_dma.obj
d:\myprojects\win_project\windows_projects\creatallparameter\creatallparameter\release\trix.obj
d:\myprojects\win_project\windows_projects\creatallparameter\creatallparameter\release\statusrecords.obj
d:\myprojects\win_project\windows_projects\creatallparameter\creatallparameter\release\right.obj
d:\myprojects\win_project\windows_projects\creatallparameter\creatallparameter\release\numberall.obj
d:\myprojects\win_project\windows_projects\creatallparameter\creatallparameter\release\commonfunction.obj
d:\myprojects\win_project\windows_projects\creatallparameter\creatallparameter\release\asi.obj
d:\myprojects\win_project\windows_projects\creatallparameter\creatallparameter\release\mainloop.obj
d:\myprojects\win_project\windows_projects\creatallparameter\creatallparameter\release\ma.obj
d:\myprojects\win_project\windows_projects\creatallparameter\creatallparameter\release\log.obj
d:\myprojects\win_project\windows_projects\creatallparameter\creatallparameter\release\locker.obj
d:\myprojects\win_project\windows_projects\creatallparameter\creatallparameter\release\dmi.obj
d:\myprojects\win_project\windows_projects\creatallparameter\creatallparameter\release\creatallparameter.obj
d:\myprojects\win_project\windows_projects\creatallparameter\creatallparameter\release\cdp.obj
d:\myprojects\win_project\windows_projects\creatallparameter\creatallparameter\release\trendanal.obj
d:\myprojects\win_project\windows_projects\creatallparameter\creatallparameter\release\stockaccountnum.obj
d:\myprojects\win_project\windows_projects\creatallparameter\creatallparameter\release\statusinter.obj
d:\myprojects\win_project\windows_projects\creatallparameter\creatallparameter\release\clocalrecord.obj
d:\myprojects\win_project\windows_projects\creatallparameter\creatallparameter\release\trandrecord.obj
d:\myprojects\win_project\windows_projects\creatallparameter\release\creatallparameter.exe
d:\myprojects\win_project\windows_projects\creatallparameter\release\creatallparameter.pdb
d:\myprojects\win_project\windows_projects\creatallparameter\creatallparameter\release\creatall.591aa5f1.tlog\cl.command.1.tlog
d:\myprojects\win_project\windows_projects\creatallparameter\creatallparameter\release\creatall.591aa5f1.tlog\cl.read.1.tlog
d:\myprojects\win_project\windows_projects\creatallparameter\creatallparameter\release\creatall.591aa5f1.tlog\cl.write.1.tlog
d:\myprojects\win_project\windows_projects\creatallparameter\creatallparameter\release\creatall.591aa5f1.tlog\link.command.1.tlog
d:\myprojects\win_project\windows_projects\creatallparameter\creatallparameter\release\creatall.591aa5f1.tlog\link.read.1.tlog
d:\myprojects\win_project\windows_projects\creatallparameter\creatallparameter\release\creatall.591aa5f1.tlog\link.write.1.tlog
